<?xml version="1.0" encoding="UTF-8"?>
<!-- Generated by org.testng.reporters.JUnitXMLReporter -->
<testsuite ignored="0" hostname="Sudhanshu" failures="0" tests="8" name="Test" time="24.814" errors="0" timestamp="2022-09-04T14:31:00 IST">
  <testcase classname="sudhanshu.grampower.GramPowerAutomation" name="Login" time="2.817"/>
  <testcase classname="sudhanshu.grampower.GramPowerAutomation" name="NavigatetoMap" time="0.832"/>
  <testcase classname="sudhanshu.grampower.GramPowerAutomation" name="searchConsumer" time="5.237"/>
  <testcase classname="sudhanshu.grampower.GramPowerAutomation" name="ValidateConsumerInfo" time="0.27"/>
  <testcase classname="sudhanshu.grampower.GramPowerAutomation" name="ValidateMeter" time="2.346"/>
  <testcase classname="sudhanshu.grampower.GramPowerAutomation" name="ValidateCommand" time="5.117"/>
  <testcase classname="sudhanshu.grampower.GramPowerAutomation" name="ValidateRealtime" time="2.117"/>
  <testcase classname="sudhanshu.grampower.GramPowerAutomation" name="ValidateMore" time="2.255"/>
</testsuite> <!-- Test -->
