<?xml version="1.0" encoding="UTF-8"?>
<testng-results ignored="0" total="8" passed="7" failed="1" skipped="0">
  <reporter-output>
  </reporter-output>
  <suite started-at="2022-09-05T11:07:26 IST" name="Default suite" finished-at="2022-09-05T11:07:54 IST" duration-ms="28145">
    <groups>
    </groups>
    <test started-at="2022-09-05T11:07:26 IST" name="Default test" finished-at="2022-09-05T11:07:54 IST" duration-ms="28145">
      <class name="sudhanshu.grampower.GramPowerAutomation">
        <test-method is-config="true" signature="setup()[pri:0, instance:sudhanshu.grampower.GramPowerAutomation@1e1a0406]" started-at="2022-09-05T11:07:26 IST" name="setup" finished-at="2022-09-05T11:07:32 IST" duration-ms="5999" status="PASS">
          <reporter-output>
          </reporter-output>
        </test-method> <!-- setup -->
        <test-method signature="Login()[pri:1, instance:sudhanshu.grampower.GramPowerAutomation@1e1a0406]" started-at="2022-09-05T11:07:32 IST" name="Login" finished-at="2022-09-05T11:07:36 IST" duration-ms="3955" status="PASS">
          <reporter-output>
          </reporter-output>
        </test-method> <!-- Login -->
        <test-method signature="NavigatetoMap()[pri:2, instance:sudhanshu.grampower.GramPowerAutomation@1e1a0406]" started-at="2022-09-05T11:07:36 IST" name="NavigatetoMap" finished-at="2022-09-05T11:07:37 IST" duration-ms="1289" status="PASS">
          <reporter-output>
          </reporter-output>
        </test-method> <!-- NavigatetoMap -->
        <test-method signature="searchConsumer()[pri:3, instance:sudhanshu.grampower.GramPowerAutomation@1e1a0406]" started-at="2022-09-05T11:07:37 IST" name="searchConsumer" finished-at="2022-09-05T11:07:42 IST" duration-ms="5239" status="PASS">
          <reporter-output>
          </reporter-output>
        </test-method> <!-- searchConsumer -->
        <test-method signature="ValidateConsumerInfo()[pri:4, instance:sudhanshu.grampower.GramPowerAutomation@1e1a0406]" started-at="2022-09-05T11:07:42 IST" name="ValidateConsumerInfo" finished-at="2022-09-05T11:07:43 IST" duration-ms="278" status="PASS">
          <reporter-output>
          </reporter-output>
        </test-method> <!-- ValidateConsumerInfo -->
        <test-method signature="ValidateMeter()[pri:5, instance:sudhanshu.grampower.GramPowerAutomation@1e1a0406]" started-at="2022-09-05T11:07:43 IST" name="ValidateMeter" finished-at="2022-09-05T11:07:45 IST" duration-ms="2355" status="PASS">
          <reporter-output>
          </reporter-output>
        </test-method> <!-- ValidateMeter -->
        <test-method signature="ValidateCommand()[pri:6, instance:sudhanshu.grampower.GramPowerAutomation@1e1a0406]" started-at="2022-09-05T11:07:45 IST" name="ValidateCommand" finished-at="2022-09-05T11:07:50 IST" duration-ms="5119" status="PASS">
          <reporter-output>
          </reporter-output>
        </test-method> <!-- ValidateCommand -->
        <test-method signature="ValidateRealtime()[pri:7, instance:sudhanshu.grampower.GramPowerAutomation@1e1a0406]" started-at="2022-09-05T11:07:50 IST" name="ValidateRealtime" finished-at="2022-09-05T11:07:52 IST" duration-ms="2135" status="PASS">
          <reporter-output>
          </reporter-output>
        </test-method> <!-- ValidateRealtime -->
        <test-method signature="ValidateMore()[pri:8, instance:sudhanshu.grampower.GramPowerAutomation@1e1a0406]" started-at="2022-09-05T11:07:52 IST" name="ValidateMore" finished-at="2022-09-05T11:07:53 IST" duration-ms="1127" status="FAIL">
          <exception class="org.openqa.selenium.ElementClickInterceptedException">
            <message>
              <![CDATA[element click intercepted: Element <a data-toggle="tab" href="#menu4" id="alerts" onclick="parameterChange('more_consumer_tab');" style="cursor: pointer;">...</a> is not clickable at point (819, 147). Other element would receive the click: <div id="fade" class="black_overlay" style="display: block;"></div>
  (Session info: chrome=105.0.5195.102)
Build info: version: '4.4.0', revision: 'e5c75ed026a'
System info: host: 'SUDHANSHU', ip: '172.24.0.54', os.name: 'Windows 11', os.arch: 'amd64', os.version: '10.0', java.version: '17.0.3'
Driver info: org.openqa.selenium.chrome.ChromeDriver
Command: [ac5452c892982fac0669ae74a6ac9537, clickElement {id=470edee2-f670-4eb3-a77d-d2e6ac744712}]
Capabilities {acceptInsecureCerts: false, browserName: chrome, browserVersion: 105.0.5195.102, chrome: {chromedriverVersion: 105.0.5195.52 (412c95e51883..., userDataDir: C:\Users\SUDHAN~1\AppData\L...}, goog:chromeOptions: {debuggerAddress: localhost:64948}, networkConnectionEnabled: false, pageLoadStrategy: normal, platformName: WINDOWS, proxy: Proxy(), se:cdp: ws://localhost:64948/devtoo..., se:cdpVersion: 105.0.5195.102, setWindowRect: true, strictFileInteractability: false, timeouts: {implicit: 0, pageLoad: 300000, script: 30000}, unhandledPromptBehavior: dismiss and notify, webauthn:extension:credBlob: true, webauthn:extension:largeBlob: true, webauthn:virtualAuthenticators: true}
Element: [[ChromeDriver: chrome on WINDOWS (ac5452c892982fac0669ae74a6ac9537)] -> xpath: //a[@id='alerts']]
Session ID: ac5452c892982fac0669ae74a6ac9537]]>
            </message>
            <full-stacktrace>
              <![CDATA[org.openqa.selenium.ElementClickInterceptedException: element click intercepted: Element <a data-toggle="tab" href="#menu4" id="alerts" onclick="parameterChange('more_consumer_tab');" style="cursor: pointer;">...</a> is not clickable at point (819, 147). Other element would receive the click: <div id="fade" class="black_overlay" style="display: block;"></div>
  (Session info: chrome=105.0.5195.102)
Build info: version: '4.4.0', revision: 'e5c75ed026a'
System info: host: 'SUDHANSHU', ip: '172.24.0.54', os.name: 'Windows 11', os.arch: 'amd64', os.version: '10.0', java.version: '17.0.3'
Driver info: org.openqa.selenium.chrome.ChromeDriver
Command: [ac5452c892982fac0669ae74a6ac9537, clickElement {id=470edee2-f670-4eb3-a77d-d2e6ac744712}]
Capabilities {acceptInsecureCerts: false, browserName: chrome, browserVersion: 105.0.5195.102, chrome: {chromedriverVersion: 105.0.5195.52 (412c95e51883..., userDataDir: C:\Users\SUDHAN~1\AppData\L...}, goog:chromeOptions: {debuggerAddress: localhost:64948}, networkConnectionEnabled: false, pageLoadStrategy: normal, platformName: WINDOWS, proxy: Proxy(), se:cdp: ws://localhost:64948/devtoo..., se:cdpVersion: 105.0.5195.102, setWindowRect: true, strictFileInteractability: false, timeouts: {implicit: 0, pageLoad: 300000, script: 30000}, unhandledPromptBehavior: dismiss and notify, webauthn:extension:credBlob: true, webauthn:extension:largeBlob: true, webauthn:virtualAuthenticators: true}
Element: [[ChromeDriver: chrome on WINDOWS (ac5452c892982fac0669ae74a6ac9537)] -> xpath: //a[@id='alerts']]
Session ID: ac5452c892982fac0669ae74a6ac9537
at java.base/jdk.internal.reflect.NativeConstructorAccessorImpl.newInstance0(Native Method)
at java.base/jdk.internal.reflect.NativeConstructorAccessorImpl.newInstance(NativeConstructorAccessorImpl.java:77)
at java.base/jdk.internal.reflect.DelegatingConstructorAccessorImpl.newInstance(DelegatingConstructorAccessorImpl.java:45)
at java.base/java.lang.reflect.Constructor.newInstanceWithCaller(Constructor.java:499)
at java.base/java.lang.reflect.Constructor.newInstance(Constructor.java:480)
at org.openqa.selenium.remote.codec.w3c.W3CHttpResponseCodec.createException(W3CHttpResponseCodec.java:200)
at org.openqa.selenium.remote.codec.w3c.W3CHttpResponseCodec.decode(W3CHttpResponseCodec.java:133)
at org.openqa.selenium.remote.codec.w3c.W3CHttpResponseCodec.decode(W3CHttpResponseCodec.java:53)
at org.openqa.selenium.remote.HttpCommandExecutor.execute(HttpCommandExecutor.java:184)
at org.openqa.selenium.remote.service.DriverCommandExecutor.invokeExecute(DriverCommandExecutor.java:167)
at org.openqa.selenium.remote.service.DriverCommandExecutor.execute(DriverCommandExecutor.java:142)
at org.openqa.selenium.remote.RemoteWebDriver.execute(RemoteWebDriver.java:547)
at org.openqa.selenium.remote.RemoteWebElement.execute(RemoteWebElement.java:257)
at org.openqa.selenium.remote.RemoteWebElement.click(RemoteWebElement.java:78)
at sudhanshu.grampower.GramPowerAutomation.ValidateMore(GramPowerAutomation.java:108)
at java.base/jdk.internal.reflect.NativeMethodAccessorImpl.invoke0(Native Method)
at java.base/jdk.internal.reflect.NativeMethodAccessorImpl.invoke(NativeMethodAccessorImpl.java:77)
at java.base/jdk.internal.reflect.DelegatingMethodAccessorImpl.invoke(DelegatingMethodAccessorImpl.java:43)
at java.base/java.lang.reflect.Method.invoke(Method.java:568)
at org.testng.internal.MethodInvocationHelper.invokeMethod(MethodInvocationHelper.java:133)
at org.testng.internal.TestInvoker.invokeMethod(TestInvoker.java:598)
at org.testng.internal.TestInvoker.invokeTestMethod(TestInvoker.java:173)
at org.testng.internal.MethodRunner.runInSequence(MethodRunner.java:46)
at org.testng.internal.TestInvoker$MethodInvocationAgent.invoke(TestInvoker.java:824)
at org.testng.internal.TestInvoker.invokeTestMethods(TestInvoker.java:146)
at org.testng.internal.TestMethodWorker.invokeTestMethods(TestMethodWorker.java:146)
at org.testng.internal.TestMethodWorker.run(TestMethodWorker.java:128)
at java.base/java.util.ArrayList.forEach(ArrayList.java:1511)
at org.testng.TestRunner.privateRun(TestRunner.java:794)
at org.testng.TestRunner.run(TestRunner.java:596)
at org.testng.SuiteRunner.runTest(SuiteRunner.java:377)
at org.testng.SuiteRunner.runSequentially(SuiteRunner.java:371)
at org.testng.SuiteRunner.privateRun(SuiteRunner.java:332)
at org.testng.SuiteRunner.run(SuiteRunner.java:276)
at org.testng.SuiteRunnerWorker.runSuite(SuiteRunnerWorker.java:53)
at org.testng.SuiteRunnerWorker.run(SuiteRunnerWorker.java:96)
at org.testng.TestNG.runSuitesSequentially(TestNG.java:1212)
at org.testng.TestNG.runSuitesLocally(TestNG.java:1134)
at org.testng.TestNG.runSuites(TestNG.java:1063)
at org.testng.TestNG.run(TestNG.java:1031)
at org.testng.remote.AbstractRemoteTestNG.run(AbstractRemoteTestNG.java:115)
at org.testng.remote.RemoteTestNG.initAndRun(RemoteTestNG.java:251)
at org.testng.remote.RemoteTestNG.main(RemoteTestNG.java:77)
]]>
            </full-stacktrace>
          </exception> <!-- org.openqa.selenium.ElementClickInterceptedException -->
          <reporter-output>
          </reporter-output>
        </test-method> <!-- ValidateMore -->
        <test-method is-config="true" signature="close()[pri:0, instance:sudhanshu.grampower.GramPowerAutomation@1e1a0406]" started-at="2022-09-05T11:07:53 IST" name="close" finished-at="2022-09-05T11:07:54 IST" duration-ms="592" status="PASS">
          <reporter-output>
          </reporter-output>
        </test-method> <!-- close -->
      </class> <!-- sudhanshu.grampower.GramPowerAutomation -->
    </test> <!-- Default test -->
  </suite> <!-- Default suite -->
</testng-results>
